/*C1573*/SET SCHEMA PUBLIC
INSERT INTO TRANSACTION VALUES('5791fa2e-5a77-4732-8e13-1d37a8769129',1234,'pedro','2022-03-24 09:29:51.597000',5.00)
COMMIT
/*C1581*/SET SCHEMA PUBLIC
DISCONNECT
/*C1577*/SET SCHEMA PUBLIC
DISCONNECT
/*C1582*/SET SCHEMA PUBLIC
DISCONNECT
/*C1579*/SET SCHEMA PUBLIC
DISCONNECT
/*C1574*/SET SCHEMA PUBLIC
DISCONNECT
/*C1580*/SET SCHEMA PUBLIC
DISCONNECT
/*C1576*/SET SCHEMA PUBLIC
DISCONNECT
/*C1578*/SET SCHEMA PUBLIC
DISCONNECT
/*C1573*/DISCONNECT
/*C1575*/SET SCHEMA PUBLIC
DISCONNECT
